[2024-08-09 15:14:56,134] INFO [ControllerEventThread controllerId=0] Starting (kafka.controller.ControllerEventManager$ControllerEventThread)
[2024-08-09 15:14:56,162] INFO [Controller id=0] 0 successfully elected as the controller. Epoch incremented to 3 and epoch zk version is now 3 (kafka.controller.KafkaController)
[2024-08-09 15:14:56,164] INFO [Controller id=0] Registering handlers (kafka.controller.KafkaController)
[2024-08-09 15:14:56,169] INFO [Controller id=0] Deleting log dir event notifications (kafka.controller.KafkaController)
[2024-08-09 15:14:56,172] INFO [Controller id=0] Deleting isr change notifications (kafka.controller.KafkaController)
[2024-08-09 15:14:56,175] INFO [Controller id=0] Initializing controller context (kafka.controller.KafkaController)
[2024-08-09 15:14:56,198] INFO [Controller id=0] Initialized broker epochs cache: HashMap(0 -> 171) (kafka.controller.KafkaController)
[2024-08-09 15:14:56,212] DEBUG [Controller id=0] Register BrokerModifications handler for Set(0) (kafka.controller.KafkaController)
[2024-08-09 15:14:56,226] DEBUG [Channel manager on controller 0]: Controller 0 trying to connect to broker 0 (kafka.controller.ControllerChannelManager)
[2024-08-09 15:14:56,231] INFO [RequestSendThread controllerId=0] Starting (kafka.controller.RequestSendThread)
[2024-08-09 15:14:56,233] INFO [Controller id=0] Currently active brokers in the cluster: Set(0) (kafka.controller.KafkaController)
[2024-08-09 15:14:56,233] INFO [Controller id=0] Currently shutting brokers in the cluster: HashSet() (kafka.controller.KafkaController)
[2024-08-09 15:14:56,234] INFO [Controller id=0] Current list of topics in the cluster: HashSet(demo_java) (kafka.controller.KafkaController)
[2024-08-09 15:14:56,234] INFO [Controller id=0] Fetching topic deletions in progress (kafka.controller.KafkaController)
[2024-08-09 15:14:56,239] INFO [Controller id=0] List of topics to be deleted:  (kafka.controller.KafkaController)
[2024-08-09 15:14:56,239] INFO [Controller id=0] List of topics ineligible for deletion:  (kafka.controller.KafkaController)
[2024-08-09 15:14:56,240] INFO [Controller id=0] Initializing topic deletion manager (kafka.controller.KafkaController)
[2024-08-09 15:14:56,240] INFO [Topic Deletion Manager 0] Initializing manager with initial deletions: Set(), initial ineligible deletions: HashSet() (kafka.controller.TopicDeletionManager)
[2024-08-09 15:14:56,241] INFO [Controller id=0] Sending update metadata request (kafka.controller.KafkaController)
[2024-08-09 15:14:56,253] INFO [ReplicaStateMachine controllerId=0] Initializing replica state (kafka.controller.ZkReplicaStateMachine)
[2024-08-09 15:14:56,261] INFO [ReplicaStateMachine controllerId=0] Triggering online replica state changes (kafka.controller.ZkReplicaStateMachine)
[2024-08-09 15:14:56,267] WARN [RequestSendThread controllerId=0] Controller 0's connection to broker localhost:9092 (id: 0 rack: null) was unsuccessful (kafka.controller.RequestSendThread)
java.io.IOException: Connection to localhost:9092 (id: 0 rack: null) failed.
	at org.apache.kafka.clients.NetworkClientUtils.awaitReady(NetworkClientUtils.java:71)
	at kafka.controller.RequestSendThread.brokerReady(ControllerChannelManager.scala:299)
	at kafka.controller.RequestSendThread.doWork(ControllerChannelManager.scala:252)
	at org.apache.kafka.server.util.ShutdownableThread.run(ShutdownableThread.java:135)
[2024-08-09 15:14:56,284] INFO [ReplicaStateMachine controllerId=0] Triggering offline replica state changes (kafka.controller.ZkReplicaStateMachine)
[2024-08-09 15:14:56,285] DEBUG [ReplicaStateMachine controllerId=0] Started replica state machine with initial state -> HashMap([Topic=demo_java,Partition=1,Replica=0] -> OnlineReplica, [Topic=demo_java,Partition=2,Replica=0] -> OnlineReplica, [Topic=demo_java,Partition=0,Replica=0] -> OnlineReplica) (kafka.controller.ZkReplicaStateMachine)
[2024-08-09 15:14:56,285] INFO [PartitionStateMachine controllerId=0] Initializing partition state (kafka.controller.ZkPartitionStateMachine)
[2024-08-09 15:14:56,289] INFO [PartitionStateMachine controllerId=0] Triggering online partition state changes (kafka.controller.ZkPartitionStateMachine)
[2024-08-09 15:14:56,292] DEBUG [PartitionStateMachine controllerId=0] Started partition state machine with initial state -> HashMap(demo_java-0 -> OnlinePartition, demo_java-1 -> OnlinePartition, demo_java-2 -> OnlinePartition) (kafka.controller.ZkPartitionStateMachine)
[2024-08-09 15:14:56,292] INFO [Controller id=0] Ready to serve as the new controller with epoch 3 (kafka.controller.KafkaController)
[2024-08-09 15:14:56,298] INFO [Controller id=0] Partitions undergoing preferred replica election:  (kafka.controller.KafkaController)
[2024-08-09 15:14:56,298] INFO [Controller id=0] Partitions that completed preferred replica election:  (kafka.controller.KafkaController)
[2024-08-09 15:14:56,299] INFO [Controller id=0] Skipping preferred replica election for partitions due to topic deletion:  (kafka.controller.KafkaController)
[2024-08-09 15:14:56,299] INFO [Controller id=0] Resuming preferred replica election for partitions:  (kafka.controller.KafkaController)
[2024-08-09 15:14:56,301] INFO [Controller id=0] Starting replica leader election (PREFERRED) for partitions  triggered by ZkTriggered (kafka.controller.KafkaController)
[2024-08-09 15:14:56,318] INFO [Controller id=0] Starting the controller scheduler (kafka.controller.KafkaController)
[2024-08-09 15:14:56,374] INFO [RequestSendThread controllerId=0] Controller 0 connected to localhost:9092 (id: 0 rack: null) for sending state change requests (kafka.controller.RequestSendThread)
[2024-08-09 15:15:01,319] INFO [Controller id=0] Processing automatic preferred replica leader election (kafka.controller.KafkaController)
[2024-08-09 15:15:01,320] TRACE [Controller id=0] Checking need to trigger auto leader balancing (kafka.controller.KafkaController)
[2024-08-09 15:15:01,322] DEBUG [Controller id=0] Topics not in preferred replica for broker 0 Map() (kafka.controller.KafkaController)
[2024-08-09 15:15:01,323] TRACE [Controller id=0] Leader imbalance ratio for broker 0 is 0.0 (kafka.controller.KafkaController)
[2024-08-09 15:15:07,973] INFO [Controller id=0] Shutting down broker 0 (kafka.controller.KafkaController)
[2024-08-09 15:15:07,974] DEBUG [Controller id=0] All shutting down brokers: 0 (kafka.controller.KafkaController)
[2024-08-09 15:15:07,974] DEBUG [Controller id=0] Live brokers:  (kafka.controller.KafkaController)
[2024-08-09 15:15:07,977] TRACE [Controller id=0] All leaders = demo_java-0 -> (Leader:0,ISR:0,LeaderRecoveryState:RECOVERED,LeaderEpoch:0,ZkVersion:0,ControllerEpoch:1),demo_java-1 -> (Leader:0,ISR:0,LeaderRecoveryState:RECOVERED,LeaderEpoch:0,ZkVersion:0,ControllerEpoch:1),demo_java-2 -> (Leader:0,ISR:0,LeaderRecoveryState:RECOVERED,LeaderEpoch:0,ZkVersion:0,ControllerEpoch:1) (kafka.controller.KafkaController)
[2024-08-09 15:15:08,067] INFO [ControllerEventThread controllerId=0] Shutting down (kafka.controller.ControllerEventManager$ControllerEventThread)
[2024-08-09 15:15:08,067] INFO [ControllerEventThread controllerId=0] Stopped (kafka.controller.ControllerEventManager$ControllerEventThread)
[2024-08-09 15:15:08,067] INFO [ControllerEventThread controllerId=0] Shutdown completed (kafka.controller.ControllerEventManager$ControllerEventThread)
[2024-08-09 15:15:08,068] DEBUG [Controller id=0] Resigning (kafka.controller.KafkaController)
[2024-08-09 15:15:08,068] DEBUG [Controller id=0] Unregister BrokerModifications handler for Set(0) (kafka.controller.KafkaController)
[2024-08-09 15:15:08,069] INFO [PartitionStateMachine controllerId=0] Stopped partition state machine (kafka.controller.ZkPartitionStateMachine)
[2024-08-09 15:15:08,069] INFO [ReplicaStateMachine controllerId=0] Stopped replica state machine (kafka.controller.ZkReplicaStateMachine)
[2024-08-09 15:15:08,070] INFO [RequestSendThread controllerId=0] Shutting down (kafka.controller.RequestSendThread)
[2024-08-09 15:15:08,070] INFO [RequestSendThread controllerId=0] Stopped (kafka.controller.RequestSendThread)
[2024-08-09 15:15:08,070] INFO [RequestSendThread controllerId=0] Shutdown completed (kafka.controller.RequestSendThread)
[2024-08-09 15:15:08,071] INFO [Controller id=0] Resigned (kafka.controller.KafkaController)
[2024-08-09 15:19:50,402] INFO [ControllerEventThread controllerId=0] Starting (kafka.controller.ControllerEventManager$ControllerEventThread)
[2024-08-09 15:19:50,437] INFO [Controller id=0] 0 successfully elected as the controller. Epoch incremented to 4 and epoch zk version is now 4 (kafka.controller.KafkaController)
[2024-08-09 15:19:50,440] INFO [Controller id=0] Registering handlers (kafka.controller.KafkaController)
[2024-08-09 15:19:50,444] INFO [Controller id=0] Deleting log dir event notifications (kafka.controller.KafkaController)
[2024-08-09 15:19:50,447] INFO [Controller id=0] Deleting isr change notifications (kafka.controller.KafkaController)
[2024-08-09 15:19:50,450] INFO [Controller id=0] Initializing controller context (kafka.controller.KafkaController)
[2024-08-09 15:19:50,471] INFO [Controller id=0] Initialized broker epochs cache: HashMap(0 -> 190) (kafka.controller.KafkaController)
[2024-08-09 15:19:50,486] DEBUG [Controller id=0] Register BrokerModifications handler for Set(0) (kafka.controller.KafkaController)
[2024-08-09 15:19:50,508] DEBUG [Channel manager on controller 0]: Controller 0 trying to connect to broker 0 (kafka.controller.ControllerChannelManager)
[2024-08-09 15:19:50,514] INFO [RequestSendThread controllerId=0] Starting (kafka.controller.RequestSendThread)
[2024-08-09 15:19:50,516] INFO [Controller id=0] Currently active brokers in the cluster: Set(0) (kafka.controller.KafkaController)
[2024-08-09 15:19:50,516] INFO [Controller id=0] Currently shutting brokers in the cluster: HashSet() (kafka.controller.KafkaController)
[2024-08-09 15:19:50,517] INFO [Controller id=0] Current list of topics in the cluster: HashSet(demo_java) (kafka.controller.KafkaController)
[2024-08-09 15:19:50,517] INFO [Controller id=0] Fetching topic deletions in progress (kafka.controller.KafkaController)
[2024-08-09 15:19:50,521] INFO [Controller id=0] List of topics to be deleted:  (kafka.controller.KafkaController)
[2024-08-09 15:19:50,521] INFO [Controller id=0] List of topics ineligible for deletion:  (kafka.controller.KafkaController)
[2024-08-09 15:19:50,521] INFO [Controller id=0] Initializing topic deletion manager (kafka.controller.KafkaController)
[2024-08-09 15:19:50,522] INFO [Topic Deletion Manager 0] Initializing manager with initial deletions: Set(), initial ineligible deletions: HashSet() (kafka.controller.TopicDeletionManager)
[2024-08-09 15:19:50,523] INFO [Controller id=0] Sending update metadata request (kafka.controller.KafkaController)
[2024-08-09 15:19:50,533] INFO [ReplicaStateMachine controllerId=0] Initializing replica state (kafka.controller.ZkReplicaStateMachine)
[2024-08-09 15:19:50,541] INFO [ReplicaStateMachine controllerId=0] Triggering online replica state changes (kafka.controller.ZkReplicaStateMachine)
[2024-08-09 15:19:50,553] WARN [RequestSendThread controllerId=0] Controller 0's connection to broker localhost:9092 (id: 0 rack: null) was unsuccessful (kafka.controller.RequestSendThread)
java.io.IOException: Connection to localhost:9092 (id: 0 rack: null) failed.
	at org.apache.kafka.clients.NetworkClientUtils.awaitReady(NetworkClientUtils.java:71)
	at kafka.controller.RequestSendThread.brokerReady(ControllerChannelManager.scala:299)
	at kafka.controller.RequestSendThread.doWork(ControllerChannelManager.scala:252)
	at org.apache.kafka.server.util.ShutdownableThread.run(ShutdownableThread.java:135)
[2024-08-09 15:19:50,558] INFO [ReplicaStateMachine controllerId=0] Triggering offline replica state changes (kafka.controller.ZkReplicaStateMachine)
[2024-08-09 15:19:50,559] DEBUG [ReplicaStateMachine controllerId=0] Started replica state machine with initial state -> HashMap([Topic=demo_java,Partition=1,Replica=0] -> OnlineReplica, [Topic=demo_java,Partition=2,Replica=0] -> OnlineReplica, [Topic=demo_java,Partition=0,Replica=0] -> OnlineReplica) (kafka.controller.ZkReplicaStateMachine)
[2024-08-09 15:19:50,560] INFO [PartitionStateMachine controllerId=0] Initializing partition state (kafka.controller.ZkPartitionStateMachine)
[2024-08-09 15:19:50,565] INFO [PartitionStateMachine controllerId=0] Triggering online partition state changes (kafka.controller.ZkPartitionStateMachine)
[2024-08-09 15:19:50,568] DEBUG [PartitionStateMachine controllerId=0] Started partition state machine with initial state -> HashMap(demo_java-0 -> OnlinePartition, demo_java-1 -> OnlinePartition, demo_java-2 -> OnlinePartition) (kafka.controller.ZkPartitionStateMachine)
[2024-08-09 15:19:50,568] INFO [Controller id=0] Ready to serve as the new controller with epoch 4 (kafka.controller.KafkaController)
[2024-08-09 15:19:50,574] INFO [Controller id=0] Partitions undergoing preferred replica election:  (kafka.controller.KafkaController)
[2024-08-09 15:19:50,574] INFO [Controller id=0] Partitions that completed preferred replica election:  (kafka.controller.KafkaController)
[2024-08-09 15:19:50,575] INFO [Controller id=0] Skipping preferred replica election for partitions due to topic deletion:  (kafka.controller.KafkaController)
[2024-08-09 15:19:50,575] INFO [Controller id=0] Resuming preferred replica election for partitions:  (kafka.controller.KafkaController)
[2024-08-09 15:19:50,577] INFO [Controller id=0] Starting replica leader election (PREFERRED) for partitions  triggered by ZkTriggered (kafka.controller.KafkaController)
[2024-08-09 15:19:50,594] INFO [Controller id=0] Starting the controller scheduler (kafka.controller.KafkaController)
[2024-08-09 15:19:50,659] INFO [RequestSendThread controllerId=0] Controller 0 connected to localhost:9092 (id: 0 rack: null) for sending state change requests (kafka.controller.RequestSendThread)
[2024-08-09 15:19:55,595] INFO [Controller id=0] Processing automatic preferred replica leader election (kafka.controller.KafkaController)
[2024-08-09 15:19:55,596] TRACE [Controller id=0] Checking need to trigger auto leader balancing (kafka.controller.KafkaController)
[2024-08-09 15:19:55,598] DEBUG [Controller id=0] Topics not in preferred replica for broker 0 Map() (kafka.controller.KafkaController)
[2024-08-09 15:19:55,600] TRACE [Controller id=0] Leader imbalance ratio for broker 0 is 0.0 (kafka.controller.KafkaController)
