[2024-08-09 15:14:56,244] INFO [Controller id=0 epoch=3] Sending UpdateMetadata request to brokers HashSet(0) for 0 partitions (state.change.logger)
[2024-08-09 15:14:56,279] INFO [Controller id=0 epoch=3] Sending LeaderAndIsr request to broker 0 with 3 become-leader and 0 become-follower partitions (state.change.logger)
[2024-08-09 15:14:56,283] INFO [Controller id=0 epoch=3] Sending UpdateMetadata request to brokers HashSet(0) for 3 partitions (state.change.logger)
[2024-08-09 15:14:56,445] INFO [Broker id=0] Handling LeaderAndIsr request correlationId 1 from controller 0 for 3 partitions (state.change.logger)
[2024-08-09 15:14:56,466] INFO [Broker id=0] Stopped fetchers as part of LeaderAndIsr request correlationId 1 from controller 0 epoch 3 as part of the become-leader transition for 3 partitions (state.change.logger)
[2024-08-09 15:14:56,475] INFO [Broker id=0] Leader demo_java-2 with topic id Some(ALDbHqrBQgiZp-pP9E6uZg) starts at leader epoch 0 from offset 0 with partition epoch 0, high watermark 0, ISR [0], adding replicas [] and removing replicas [] . Previous leader None and previous leader epoch was -1. (state.change.logger)
[2024-08-09 15:14:56,481] INFO [Broker id=0] Leader demo_java-1 with topic id Some(ALDbHqrBQgiZp-pP9E6uZg) starts at leader epoch 0 from offset 0 with partition epoch 0, high watermark 0, ISR [0], adding replicas [] and removing replicas [] . Previous leader None and previous leader epoch was -1. (state.change.logger)
[2024-08-09 15:14:56,486] INFO [Broker id=0] Leader demo_java-0 with topic id Some(ALDbHqrBQgiZp-pP9E6uZg) starts at leader epoch 0 from offset 0 with partition epoch 0, high watermark 0, ISR [0], adding replicas [] and removing replicas [] . Previous leader None and previous leader epoch was -1. (state.change.logger)
[2024-08-09 15:14:56,501] INFO [Broker id=0] Finished LeaderAndIsr request in 56ms correlationId 1 from controller 0 for 3 partitions (state.change.logger)
[2024-08-09 15:14:56,509] INFO [Broker id=0] Add 3 partitions and deleted 0 partitions from metadata cache in response to UpdateMetadata request sent by controller 0 epoch 3 with correlation id 2 (state.change.logger)
[2024-08-09 15:15:07,976] INFO [Controller id=0 epoch=3] Sending UpdateMetadata request to brokers HashSet() for 0 partitions (state.change.logger)
[2024-08-09 15:19:50,527] INFO [Controller id=0 epoch=4] Sending UpdateMetadata request to brokers HashSet(0) for 0 partitions (state.change.logger)
[2024-08-09 15:19:50,554] INFO [Controller id=0 epoch=4] Sending LeaderAndIsr request to broker 0 with 3 become-leader and 0 become-follower partitions (state.change.logger)
[2024-08-09 15:19:50,557] INFO [Controller id=0 epoch=4] Sending UpdateMetadata request to brokers HashSet(0) for 3 partitions (state.change.logger)
[2024-08-09 15:19:50,760] INFO [Broker id=0] Handling LeaderAndIsr request correlationId 1 from controller 0 for 3 partitions (state.change.logger)
[2024-08-09 15:19:50,782] INFO [Broker id=0] Stopped fetchers as part of LeaderAndIsr request correlationId 1 from controller 0 epoch 4 as part of the become-leader transition for 3 partitions (state.change.logger)
[2024-08-09 15:19:50,864] INFO [Broker id=0] Leader demo_java-2 with topic id Some(ALDbHqrBQgiZp-pP9E6uZg) starts at leader epoch 0 from offset 0 with partition epoch 0, high watermark 0, ISR [0], adding replicas [] and removing replicas [] . Previous leader None and previous leader epoch was -1. (state.change.logger)
[2024-08-09 15:19:50,878] INFO [Broker id=0] Leader demo_java-1 with topic id Some(ALDbHqrBQgiZp-pP9E6uZg) starts at leader epoch 0 from offset 0 with partition epoch 0, high watermark 0, ISR [0], adding replicas [] and removing replicas [] . Previous leader None and previous leader epoch was -1. (state.change.logger)
[2024-08-09 15:19:50,887] INFO [Broker id=0] Leader demo_java-0 with topic id Some(ALDbHqrBQgiZp-pP9E6uZg) starts at leader epoch 0 from offset 0 with partition epoch 0, high watermark 0, ISR [0], adding replicas [] and removing replicas [] . Previous leader None and previous leader epoch was -1. (state.change.logger)
[2024-08-09 15:19:50,901] INFO [Broker id=0] Finished LeaderAndIsr request in 143ms correlationId 1 from controller 0 for 3 partitions (state.change.logger)
[2024-08-09 15:19:50,909] INFO [Broker id=0] Add 3 partitions and deleted 0 partitions from metadata cache in response to UpdateMetadata request sent by controller 0 epoch 4 with correlation id 2 (state.change.logger)
